<?xml version="1.0" encoding="utf-8"?><testsuites name="pytest tests"><testsuite name="pytest" errors="0" failures="0" skipped="0" tests="4" time="5.462" timestamp="2026-09-18T08:46:08.602801+00:00" hostname="agent-env-774a928b-6797-4ef0-820b-cb775460c02a"><testcase classname="tests.test_engine_rpc.TestEngineRPC" name="test_get_available_days_anon" time="2.669" /><testcase classname="tests.test_engine_rpc.TestEngineRPC" name="test_get_available_slots_anon" time="0.967" /><testcase classname="tests.test_engine_rpc.TestEngineRPC" name="test_book_appointment_flow" time="0.964" /><testcase classname="tests.test_engine_rpc.TestEngineRPC" name="test_book_invalid_phone" time="0.357" /></testsuite></testsuites>