<?xml version="1.0" encoding="utf-8"?><testsuites name="pytest tests"><testsuite name="pytest" errors="0" failures="0" skipped="2" tests="6" time="2.609" timestamp="2026-09-18T08:22:41.787954+00:00" hostname="agent-env-774a928b-6797-4ef0-820b-cb775460c02a"><testcase classname="tests.test_supabase_rls" name="test_anon_insert_appointment_forbidden" time="0.666" /><testcase classname="tests.test_supabase_rls" name="test_anon_select_appointments_empty" time="0.389" /><testcase classname="tests.test_supabase_rls" name="test_anon_select_customers_empty" time="0.374" /><testcase classname="tests.test_supabase_rls" name="test_anon_select_barbershops_oryon_active" time="0.174" /><testcase classname="tests.test_supabase_rls" name="test_new_user_barbershop_members_only_own" time="0.476"><skipped type="pytest.skip" message="signup failed: 429 {&quot;code&quot;:429,&quot;error_code&quot;:&quot;over_email_send_rate_limit&quot;,&quot;msg&quot;:&quot;email rate limit exceeded&quot;}">/app/backend/tests/test_supabase_rls.py:106: signup failed: 429 {"code":429,"error_code":"over_email_send_rate_limit","msg":"email rate limit exceeded"}</skipped></testcase><testcase classname="tests.test_supabase_rls" name="test_new_user_cannot_see_oryon_appointments" time="0.000"><skipped type="pytest.skip" message="signup failed: 429 {&quot;code&quot;:429,&quot;error_code&quot;:&quot;over_email_send_rate_limit&quot;,&quot;msg&quot;:&quot;email rate limit exceeded&quot;}">/app/backend/tests/test_supabase_rls.py:118: signup failed: 429 {"code":429,"error_code":"over_email_send_rate_limit","msg":"email rate limit exceeded"}</skipped></testcase></testsuite></testsuites>